<?xml version="1.0" encoding="UTF-8"?>
<!-- Generated by org.testng.reporters.JUnitReportReporter -->
<testsuite skipped="0" hostname="Lenovo" name="org.Checkurl.Launch_Url" tests="1" failures="0" timestamp="2023-03-27T21:44:48 IST" time="119.818" errors="0">
  <testcase name="launch_Url" time="119.818" classname="org.Checkurl.Launch_Url"/>
  <system-out/>
</testsuite> <!-- org.Checkurl.Launch_Url -->
